2025/11/22 22:53:57 INFO mlflow.tracking.fluent: Experiment with name 'technical-specialist' does not exist. Creating a new experiment.
🤖 Neural Hive - Model Retraining Pipeline
   Specialist: technical
   Model type: random_forest
   Feedback count: 0

2025-11-22 22:53:57 [info     ] Loading base dataset           path=/data/training/specialist_technical_base.parquet specialist_type=technical
2025-11-22 22:53:57 [warning  ] Base dataset not found - using synthetic data path=/data/training/specialist_technical_base.parquet
2025-11-22 22:53:57 [info     ] Creating synthetic dataset     n_samples=1000
2025-11-22 22:54:28 [error    ] Failed to load feedback data   error="mongodb.mongodb-cluster.svc.cluster.local:27017: [Errno -3] Temporary failure in name resolution (configured timeouts: socketTimeoutMS: 20000.0ms, connectTimeoutMS: 20000.0ms), Timeout: 30s, Topology Description: <TopologyDescription id: 692230f5c64ceb29ea73f1c8, topology_type: Unknown, servers: [<ServerDescription ('mongodb.mongodb-cluster.svc.cluster.local', 27017) server_type: Unknown, rtt: None, error=AutoReconnect('mongodb.mongodb-cluster.svc.cluster.local:27017: [Errno -3] Temporary failure in name resolution (configured timeouts: socketTimeoutMS: 20000.0ms, connectTimeoutMS: 20000.0ms)')>]>"
📊 Dataset sizes:
   Base: 1000
   Feedback: 0
   Total: 1000

📈 Splits:
   Train: 700
   Validation: 201
   Test: 99

🔧 Training random_forest model...
2025-11-22 22:54:28 [info     ] Training model                 hyperparameter_tuning=False model_type=random_forest n_samples=700
2025-11-22 22:54:28 [info     ] Model training completed
📊 Evaluating model...
2025-11-22 22:54:28 [info     ] Model evaluated                accuracy=1.0 f1=1.0 precision=1.0 recall=1.0
2025/11/22 22:54:28 WARNING mlflow.models.model: `artifact_path` is deprecated. Please use `name` instead.
   Precision: 1.000
   Recall: 1.000
   F1: 1.000

💾 Registering model...
🏃 View run welcoming-smelt-513 at: http://localhost:5000/#/experiments/6/runs/d004f05787c04791baace5d2f2957eca
🧪 View experiment at: http://localhost:5000/#/experiments/6
Traceback (most recent call last):
  File "/jimy/Neural-Hive-Mind/ml_pipelines/training/train_specialist_model.py", line 651, in <module>
    main()
  File "/jimy/Neural-Hive-Mind/ml_pipelines/training/train_specialist_model.py", line 610, in main
    mlflow.sklearn.log_model(
  File "/usr/local/lib/python3.11/site-packages/mlflow/sklearn/__init__.py", line 426, in log_model
    return Model.log(
           ^^^^^^^^^^
  File "/usr/local/lib/python3.11/site-packages/mlflow/models/model.py", line 1165, in log
    model = _create_logged_model(
            ^^^^^^^^^^^^^^^^^^^^^
  File "/usr/local/lib/python3.11/site-packages/mlflow/tracking/fluent.py", line 2330, in _create_logged_model
    return MlflowClient()._create_logged_model(
           ^^^^^^^^^^^^^^^^^^^^^^^^^^^^^^^^^^^^
  File "/usr/local/lib/python3.11/site-packages/mlflow/tracking/client.py", line 5500, in _create_logged_model
    return self._tracking_client.create_logged_model(
           ^^^^^^^^^^^^^^^^^^^^^^^^^^^^^^^^^^^^^^^^^^
  File "/usr/local/lib/python3.11/site-packages/mlflow/telemetry/track.py", line 30, in wrapper
    result = func(*args, **kwargs)
             ^^^^^^^^^^^^^^^^^^^^^
  File "/usr/local/lib/python3.11/site-packages/mlflow/tracking/_tracking_service/client.py", line 870, in create_logged_model
    return self.store.create_logged_model(
           ^^^^^^^^^^^^^^^^^^^^^^^^^^^^^^^
  File "/usr/local/lib/python3.11/site-packages/mlflow/store/tracking/rest_store.py", line 932, in create_logged_model
    response_proto = self._call_endpoint(CreateLoggedModel, req_body)
                     ^^^^^^^^^^^^^^^^^^^^^^^^^^^^^^^^^^^^^^^^^^^^^^^^
  File "/usr/local/lib/python3.11/site-packages/mlflow/store/tracking/rest_store.py", line 203, in _call_endpoint
    return call_endpoint(
           ^^^^^^^^^^^^^^
  File "/usr/local/lib/python3.11/site-packages/mlflow/utils/rest_utils.py", line 596, in call_endpoint
    response = verify_rest_response(response, endpoint)
               ^^^^^^^^^^^^^^^^^^^^^^^^^^^^^^^^^^^^^^^^
  File "/usr/local/lib/python3.11/site-packages/mlflow/utils/rest_utils.py", line 321, in verify_rest_response
    raise MlflowException(
mlflow.exceptions.MlflowException: API request to endpoint /api/2.0/mlflow/logged-models failed with error code 404 != 200. Response body: '<!doctype html>
<html lang=en>
<title>404 Not Found</title>
<h1>Not Found</h1>
<p>The requested URL was not found on the server. If you entered the URL manually please check your spelling and try again.</p>
'
