[0;32m[OK][0m Config carregada (versão=1.0.0, temp_dir=/tmp/neural-hive-images).
[0;34m[INFO][0m Exportando neural-hive-mind/python-ml-base:1.0.0 -> /tmp/neural-hive-images/python-ml-base.tar
[0;31m[ERROR][0m Imagem não encontrada: neural-hive-mind/python-ml-base:1.0.0
[0;34m[INFO][0m Limpando arquivos locais (/tmp/neural-hive-images)...
[0;32m[OK][0m Config carregada (versão=1.0.0, temp_dir=/tmp/neural-hive-images).
[0;34m[INFO][0m Exportando neural-hive-mind/python-ml-base:1.0.0 -> /tmp/neural-hive-images/python-ml-base.tar
[0;34m[INFO][0m Limpando arquivos locais (/tmp/neural-hive-images)...
+ BLUE='\033[0;34m'
+ GREEN='\033[0;32m'
+ YELLOW='\033[1;33m'
+ RED='\033[0;31m'
+ NC='\033[0m'
+ REMOTE_MODE=false
+ NODE_OVERRIDE=
+ SKIP_EXPORT=false
+ SKIP_CLEANUP=false
+ DRY_RUN=false
+ PARALLEL_MODE=false
+ REGISTRY=
+ VERSION=
+ TEMP_DIR=
+ CONTAINERD_NAMESPACE=k8s.io
+ SSH_USER=root
+ IMAGE_NAMES=()
+ declare -a IMAGE_NAMES
+ TOTAL_IMAGES=0
+ TOTAL_SIZE_BYTES=0
+ EXPORT_SUCCESS=0
+ IMPORT_SUCCESS=0
+ IMPORT_FAILURES=0
+ NODES=()
+ SCRIPT_START=0
+ trap cleanup_all EXIT
+ main
+ parse_args
+ [[ 0 -gt 0 ]]
+ require_tools
+ for cmd in docker yq jq sha256sum
+ command -v docker
+ for cmd in docker yq jq sha256sum
+ command -v yq
+ for cmd in docker yq jq sha256sum
+ command -v jq
+ for cmd in docker yq jq sha256sum
+ command -v sha256sum
+ [[ false == true ]]
+ load_config
+ [[ ! -f /jimy/Neural-Hive-Mind/environments/local/services-build-config.yaml ]]
++ yq -r '.build.registry // "neural-hive-mind"' /jimy/Neural-Hive-Mind/environments/local/services-build-config.yaml
+ REGISTRY=neural-hive-mind
++ yq -r '.build.version // "1.0.0"' /jimy/Neural-Hive-Mind/environments/local/services-build-config.yaml
+ VERSION=1.0.0
++ yq -r '.containerd.temp_dir // "/tmp/neural-hive-images"' /jimy/Neural-Hive-Mind/environments/local/services-build-config.yaml
+ TEMP_DIR=/tmp/neural-hive-images
++ yq -r '.containerd.namespace // "k8s.io"' /jimy/Neural-Hive-Mind/environments/local/services-build-config.yaml
+ CONTAINERD_NAMESPACE=k8s.io
++ yq -r '.containerd.ssh_user // "root"' /jimy/Neural-Hive-Mind/environments/local/services-build-config.yaml
+ SSH_USER=root
+ mapfile -t IMAGE_NAMES
++ yq -r '.base_images | to_entries[] | .value.name' /jimy/Neural-Hive-Mind/environments/local/services-build-config.yaml
++ sed '/^null$/d'
++ yq -r '.services[].name' /jimy/Neural-Hive-Mind/environments/local/services-build-config.yaml
+ TOTAL_IMAGES=12
+ [[ -n '' ]]
+ mapfile -t NODES
++ yq -r '.containerd.nodes[]?' /jimy/Neural-Hive-Mind/environments/local/services-build-config.yaml
++ sed '/^null$/d'
+ [[ false == true ]]
+ mkdir -p /tmp/neural-hive-images
+ log_success 'Config carregada (versão=1.0.0, temp_dir=/tmp/neural-hive-images).'
+ echo -e '\033[0;32m[OK]\033[0m Config carregada (versão=1.0.0, temp_dir=/tmp/neural-hive-images).'
[0;32m[OK][0m Config carregada (versão=1.0.0, temp_dir=/tmp/neural-hive-images).
+ export_images_to_tar
+ [[ false == true ]]
+ for name in "${IMAGE_NAMES[@]}"
+ save_image python-ml-base
+ local name=python-ml-base
+ local ref=neural-hive-mind/python-ml-base:1.0.0
+ local tar_file=/tmp/neural-hive-images/python-ml-base.tar
+ log_info 'Exportando neural-hive-mind/python-ml-base:1.0.0 -> /tmp/neural-hive-images/python-ml-base.tar'
+ echo -e '\033[0;34m[INFO]\033[0m Exportando neural-hive-mind/python-ml-base:1.0.0 -> /tmp/neural-hive-images/python-ml-base.tar'
[0;34m[INFO][0m Exportando neural-hive-mind/python-ml-base:1.0.0 -> /tmp/neural-hive-images/python-ml-base.tar
+ [[ false == true ]]
+ [[ false == true ]]
+ docker_inspect_image neural-hive-mind/python-ml-base:1.0.0
+ local image=neural-hive-mind/python-ml-base:1.0.0
+ docker image inspect neural-hive-mind/python-ml-base:1.0.0
+ docker save neural-hive-mind/python-ml-base:1.0.0 -o /tmp/neural-hive-images/python-ml-base.tar
+ (( EXPORT_SUCCESS++ ))
+ cleanup_all
+ cleanup_local
+ [[ false == true ]]
+ log_info 'Limpando arquivos locais (/tmp/neural-hive-images)...'
+ echo -e '\033[0;34m[INFO]\033[0m Limpando arquivos locais (/tmp/neural-hive-images)...'
[0;34m[INFO][0m Limpando arquivos locais (/tmp/neural-hive-images)...
+ [[ false == true ]]
+ rm -f /tmp/neural-hive-images/python-ml-base.tar
+ [[ false == true ]]
[0;32m[OK][0m Config carregada (versão=1.0.0, temp_dir=/tmp/neural-hive-images).
[0;34m[INFO][0m Exportando neural-hive-mind/python-ml-base:1.0.0 -> /tmp/neural-hive-images/python-ml-base.tar
[0;32m[OK][0m Config carregada (versão=1.0.0, temp_dir=/tmp/neural-hive-images).
[0;34m[INFO][0m Exportando neural-hive-mind/python-ml-base:1.0.0 -> /tmp/neural-hive-images/python-ml-base.tar
[0;34m[INFO][0m docker save neural-hive-mind/python-ml-base:1.0.0 (pid=2240747) ainda em execução...
[0;34m[INFO][0m docker save neural-hive-mind/python-ml-base:1.0.0 (pid=2240747) ainda em execução...
[0;34m[INFO][0m docker save neural-hive-mind/python-ml-base:1.0.0 (pid=2240747) ainda em execução...
[0;32m[OK][0m Config carregada (versão=1.0.0, temp_dir=/tmp/neural-hive-images).
[0;34m[INFO][0m Exportando neural-hive-mind/python-ml-base:1.0.0 -> /tmp/neural-hive-images/python-ml-base.tar
[0;34m[INFO][0m docker save neural-hive-mind/python-ml-base:1.0.0 (pid=2258880) ainda em execução...
[0;34m[INFO][0m docker save neural-hive-mind/python-ml-base:1.0.0 (pid=2258880) ainda em execução...
[0;34m[INFO][0m docker save neural-hive-mind/python-ml-base:1.0.0 (pid=2258880) ainda em execução...
