
[0;35mâ•â•â•â•â•â•â•â•â•â•â•â•â•â•â•â•â•â•â•â•â•â•â•â•â•â•â•â•â•â•â•â•â•â•â•â•â•â•â•â•â•â•â•â•â•â•â•â•â•â•â•â•â•â•â•â•â•â•â•â•â•â•â•[0m
[0;35m  Checking Prerequisites[0m
[0;35mâ•â•â•â•â•â•â•â•â•â•â•â•â•â•â•â•â•â•â•â•â•â•â•â•â•â•â•â•â•â•â•â•â•â•â•â•â•â•â•â•â•â•â•â•â•â•â•â•â•â•â•â•â•â•â•â•â•â•â•â•â•â•â•[0m

[0;34m[INFO][0m Checking Minikube status...
minikube
type: Control Plane
host: Running
kubelet: Running
apiserver: Running
kubeconfig: Configured

[0;32m[SUCCESS][0m Minikube is running
[0;34m[INFO][0m Checking kubectl context...
[0;32m[SUCCESS][0m kubectl context is set to minikube
[0;34m[INFO][0m Checking Helm installation...
[0;32m[SUCCESS][0m Helm is installed: v3.19.0+g3d8990f
[0;34m[INFO][0m Checking cluster nodes...
NAME       STATUS   ROLES           AGE    VERSION
minikube   Ready    control-plane   3d2h   v1.29.0
[0;34m[INFO][0m Checking bootstrap namespaces from Phase 1...
[0;32m[SUCCESS][0m Namespace kafka exists
[0;32m[SUCCESS][0m Namespace redis-cluster exists
[0;32m[SUCCESS][0m Namespace mongodb-cluster exists
[0;32m[SUCCESS][0m Namespace neo4j-cluster exists
[0;32m[SUCCESS][0m Namespace clickhouse-cluster exists
[0;32m[SUCCESS][0m Namespace keycloak exists
[0;32m[SUCCESS][0m All prerequisite checks passed

[0;35mâ•â•â•â•â•â•â•â•â•â•â•â•â•â•â•â•â•â•â•â•â•â•â•â•â•â•â•â•â•â•â•â•â•â•â•â•â•â•â•â•â•â•â•â•â•â•â•â•â•â•â•â•â•â•â•â•â•â•â•â•â•â•â•[0m
[0;35m  Deploying Strimzi Kafka Operator[0m
[0;35mâ•â•â•â•â•â•â•â•â•â•â•â•â•â•â•â•â•â•â•â•â•â•â•â•â•â•â•â•â•â•â•â•â•â•â•â•â•â•â•â•â•â•â•â•â•â•â•â•â•â•â•â•â•â•â•â•â•â•â•â•â•â•â•[0m

Warning: resource namespaces/kafka is missing the kubectl.kubernetes.io/last-applied-configuration annotation which is required by kubectl apply. kubectl apply should only be used on resources created declaratively by either kubectl create --save-config or kubectl apply. The missing annotation will be patched automatically.
namespace/kafka configured
[0;34m[INFO][0m Helm repo strimzi already exists
[0;34m[INFO][0m Updating Helm repos...
Hang tight while we grab the latest from your chart repositories...
...Successfully got an update from the "strimzi" chart repository
...Successfully got an update from the "confluentinc" chart repository
...Successfully got an update from the "gatekeeper" chart repository
...Successfully got an update from the "jaegertracing" chart repository
...Successfully got an update from the "grafana" chart repository
...Unable to get an update from the "bitnami" chart repository (https://charts.bitnami.com/bitnami):
	context deadline exceeded (Client.Timeout or context cancellation while reading body)
...Unable to get an update from the "prometheus-community" chart repository (https://prometheus-community.github.io/helm-charts):
	context deadline exceeded (Client.Timeout or context cancellation while reading body)
Update Complete. âˆHappy Helming!âˆ
[0;34m[INFO][0m Installing Strimzi Kafka operator...
[0;34m[INFO][0m Strimzi operator already installed, upgrading...
Error: UPGRADE FAILED: cannot patch "strimzi-cluster-operator" with kind Deployment: Deployment.apps "strimzi-cluster-operator" is invalid: spec.template.spec.containers[0].env[0].valueFrom: Invalid value: "": may not be specified when `value` is not empty
