[0;34m[14:56:16][0m Verificando pré-requisitos básicos...
[0;32m[OK][0m Ferramentas docker, yq, jq e kubectl encontradas.
[0;32m[OK][0m Espaço livre suficiente (858GB).
[0;32m[OK][0m kubectl conectado ao cluster: kubernetes-admin@kubernetes.
[0;32m[OK][0m ctr acessível via sudo.
[0;32m[OK][0m Configuração carregada (versão=1.0.0, parallel_jobs=4).
[0;34m[14:56:18][0m Preparando diretórios auxiliares...
[0;32m[OK][0m Diretórios prontos (/jimy/Neural-Hive-Mind/.tmp/services-build / /tmp/neural-hive-images).
[0;34m[14:56:18][0m Gerando ordem de build em /jimy/Neural-Hive-Mind/.tmp/services-build/build-order.txt...
[0;32m[OK][0m Arquivo de ordem criado.
[0;34m[14:56:18][0m Exportando variáveis de ambiente para /jimy/Neural-Hive-Mind/.tmp/services-build/build-env.sh...
[0;32m[OK][0m Arquivo /jimy/Neural-Hive-Mind/.tmp/services-build/build-env.sh pronto. Use 'source /jimy/Neural-Hive-Mind/.tmp/services-build/build-env.sh' antes dos builds.
[0;34m[14:56:18][0m Validando Dockerfiles declarados na configuração...
[1;33m[WARN][0m Dockerfile base-images/python-ml-base/Dockerfile sem CMD explícito (verifique se ENTRYPOINT cobre).
[1;33m[WARN][0m Dockerfile base-images/python-grpc-base/Dockerfile sem CMD explícito (verifique se ENTRYPOINT cobre).
[1;33m[WARN][0m Dockerfile base-images/python-nlp-base/Dockerfile sem CMD explícito (verifique se ENTRYPOINT cobre).
[0;32m[OK][0m Todos os Dockerfiles foram encontrados e passaram pela validação básica.
[0;34m[14:56:19][0m Calculando resumo e requisitos de build...
[0;34m[14:56:19][0m ==================== RESUMO ====================
[0;34m[14:56:19][0m Imagens a construir : 12 (bases=3, serviços=9)
[0;34m[14:56:19][0m Espaço estimado     : ~8258 MB (~8.06 GB)
[0;34m[14:56:19][0m Paralelismo sugerido: 4 jobs
[0;34m[14:56:19][0m Arquivo com ordem   : /jimy/Neural-Hive-Mind/.tmp/services-build/build-order.txt
[0;34m[14:56:19][0m Variáveis exportar  : source /jimy/Neural-Hive-Mind/.tmp/services-build/build-env.sh
[0;34m[14:56:19][0m Tempo estimado      : ~3 minutos por serviço (total ~45min)
[0;34m[14:56:19][0m =================================================
[0;32m[OK][0m Preparação concluída. Siga o guia manual 04-services-build-manual-guide.md para iniciar os builds.
[0;34m[14:56:19][0m Próximos passos: executar docker builds conforme ordem definida e registrar progresso no SERVICES_BUILD_CHECKLIST.md.
[0;34m[20:42:39][0m Verificando pré-requisitos básicos...
[0;32m[OK][0m Ferramentas docker, yq, jq e kubectl encontradas.
[0;32m[OK][0m Espaço livre suficiente (742GB).
[0;32m[OK][0m kubectl conectado ao cluster: kubernetes-admin@kubernetes.
[0;32m[OK][0m ctr acessível via sudo.
[0;32m[OK][0m Configuração carregada (versão=1.0.0, parallel_jobs=4).
[0;34m[20:42:41][0m Preparando diretórios auxiliares...
[0;32m[OK][0m Diretórios prontos (/jimy/Neural-Hive-Mind/.tmp/services-build / /tmp/neural-hive-images).
[0;34m[20:42:41][0m Gerando ordem de build em /jimy/Neural-Hive-Mind/.tmp/services-build/build-order.txt...
[0;32m[OK][0m Arquivo de ordem criado.
[0;34m[20:42:41][0m Exportando variáveis de ambiente para /jimy/Neural-Hive-Mind/.tmp/services-build/build-env.sh...
[0;32m[OK][0m Arquivo /jimy/Neural-Hive-Mind/.tmp/services-build/build-env.sh pronto. Use 'source /jimy/Neural-Hive-Mind/.tmp/services-build/build-env.sh' antes dos builds.
[0;34m[20:42:41][0m Validando Dockerfiles declarados na configuração...
[0;32m[OK][0m Todos os Dockerfiles foram encontrados e passaram pela validação básica.
[0;34m[20:42:41][0m Calculando resumo e requisitos de build...
[0;34m[20:42:41][0m ==================== RESUMO ====================
[0;34m[20:42:41][0m Imagens a construir : 12 (bases=3, serviços=9)
[0;34m[20:42:41][0m Espaço estimado     : ~114114 MB (~111.44 GB)
[0;34m[20:42:41][0m Paralelismo sugerido: 4 jobs
[0;34m[20:42:41][0m Arquivo com ordem   : /jimy/Neural-Hive-Mind/.tmp/services-build/build-order.txt
[0;34m[20:42:41][0m Variáveis exportar  : source /jimy/Neural-Hive-Mind/.tmp/services-build/build-env.sh
[0;34m[20:42:41][0m Tempo estimado      : ~3 minutos por serviço (total ~45min)
[0;34m[20:42:41][0m =================================================
[0;32m[OK][0m Preparação concluída. Siga o guia manual 04-services-build-manual-guide.md para iniciar os builds.
[0;34m[20:42:41][0m Próximos passos: executar docker builds conforme ordem definida e registrar progresso no SERVICES_BUILD_CHECKLIST.md.
